Mode 24 
Fundamental band: 3727.269 
First Overtone: 7208.953
    
Mode 23 
Fundamental band: 2849.244 
First Overtone: 5498.186
    
Mode 22 
Fundamental band: 1912.778 
First Overtone: 3797.285
    
Mode 21 
Fundamental band: 1862.820 
First Overtone: 3740.114
    
Mode 20 
Fundamental band: 1515.380 
First Overtone: 2781.124
    
Mode 19 
Fundamental band: 1289.948 
First Overtone: 2757.256
    
Mode 18 
Fundamental band: 1126.198 
First Overtone: 2311.205
    
Mode 17 
Fundamental band: 1229.232 
First Overtone: 2376.928
    
Mode 16 
Fundamental band: 975.202 
First Overtone: 1943.944
    
Mode 15 
Fundamental band: 807.834 
First Overtone: 1609.596
    
Mode 14 
Fundamental band: 705.457 
First Overtone: 1408.093
    
Mode 13 
Fundamental band: 623.896 
First Overtone: 1222.120
    
Mode 12 
Fundamental band: 516.757 
First Overtone: 1055.039
    
Mode 11 
Fundamental band: 316.631 
First Overtone: 476.074
    
Mode 10 
Fundamental band: 89.901 
First Overtone: 119.343
    
Mode 9 
Fundamental band: 140.594 
First Overtone: 254.203
    
Mode 8 
Fundamental band: 2862.623 
First Overtone: 5714.271
    
Mode 7 
Fundamental band: 1015.962 
First Overtone: 2013.207
    
Mode 6 
Fundamental band: 739.898 
First Overtone: 1470.566
    
Mode 5 
Fundamental band: 544.060 
First Overtone: 1015.849
    
Mode 4 
Fundamental band: 521.089 
First Overtone: 1028.275
    
Mode 3 
Fundamental band: 94.675 
First Overtone: 188.961
    
Mode 2 
Fundamental band: -160.042 
First Overtone: -1
    
Mode 1 
Fundamental band: -254.895 
First Overtone: -1
    
